<?xml version="1.0" encoding="UTF-8"?>
<!-- Generated by org.testng.reporters.JUnitXMLReporter -->
<testsuite ignored="0" hostname="aishwarya" failures="0" tests="5" name="Test" time="14.514" errors="0" timestamp="2024-02-29T22:14:40 IST">
  <testcase classname="qa.PracticeSite1TestExcel" name="validateForm" time="0.032"/>
  <testcase classname="qa.PracticeSite1TestExcel" name="validateTitle" time="0.022"/>
  <testcase classname="qa.PracticeSite1TestExcel" name="fillFormData" time="1.685"/>
  <testcase classname="qa.PracticeSite1TestExcel" name="validateSubmit" time="5.116"/>
  <testcase classname="qa.PracticeSite1TestExcel" name="validateAlert" time="0.051"/>
</testsuite> <!-- Test -->
