<?xml version="1.0" encoding="UTF-8"?>
<!-- Generated by org.testng.reporters.JUnitXMLReporter -->
<testsuite ignored="0" hostname="aishwarya" failures="1" tests="5" name="Test" time="15.595" errors="0" timestamp="2024-03-03T16:49:49 IST">
  <testcase classname="qa.PracticeSite1TestExcel" name="validateForm" time="0.025"/>
  <testcase classname="qa.PracticeSite1TestExcel" name="validateTitle" time="0.025"/>
  <testcase classname="qa.PracticeSite1TestExcel" name="fillFormData" time="0.98"/>
  <testcase classname="qa.PracticeSite1TestExcel" name="validateSubmit" time="5.097"/>
  <testcase classname="qa.PracticeSite1TestExcel" name="validateAlert" time="0.058">
    <failure type="java.lang.AssertionError" message="expected [This is just a dummy form, you just clicked SUBMIT BUTTON] but found []">
      <![CDATA[java.lang.AssertionError: expected [This is just a dummy form, you just clicked SUBMIT BUTTON] but found []
at qa.PracticeSite1TestExcel.validateAlert(PracticeSite1TestExcel.java:81)
at java.base/java.util.ArrayList.forEach(ArrayList.java:1596)
... Removed 35 stack frames]]>
    </failure>
  </testcase> <!-- validateAlert -->
</testsuite> <!-- Test -->
